<?xml version="1.0" encoding="UTF-8"?>
<!-- Generated by org.testng.reporters.JUnitXMLReporter -->
<testsuite ignored="0" hostname="DESKTOP-SM3GAAU" failures="0" tests="3" name="Default test" time="12.258" errors="0" timestamp="2022-09-28T17:24:17 PKT">
  <testcase classname="mrf.excel.read.LoginTestWithExcel" name="loginTestCase" time="6.138"/>
  <testcase classname="mrf.excel.read.LoginTestWithExcel" name="loginTestCase" time="1.585"/>
  <testcase classname="mrf.excel.read.LoginTestWithExcel" name="loginTestCase" time="1.691"/>
</testsuite> <!-- Default test -->
