<?xml version="1.0" encoding="UTF-8"?>
<!-- Generated by org.testng.reporters.JUnitXMLReporter -->
<testsuite ignored="2" hostname="DESKTOP-SM3GAAU" failures="0" tests="6" name="Suite Test" time="0.062" errors="0" timestamp="2021-11-19T16:46:47 PKT">
  <testcase classname="mrf.testng.TestNGAnnotations1" name="test1" time="0.003"/>
  <testcase classname="mrf.testng.TestNGAnnotations1" name="test2" time="0.001"/>
  <testcase classname="mrf.testng.TestNGAnnotations1" name="test3" time="0.001"/>
  <testcase classname="mrf.testng.TestNGAnnotations2" name="test1" time="0.001"/>
  <testcase classname="mrf.testng.TestNGAnnotations2" name="test2" time="0.002"/>
  <testcase classname="mrf.testng.TestNGAnnotations2" name="test3" time="0.002"/>
  <testcase classname="mrf.testng.base.TestNGCommonStuff" name="@BeforeSuite beforeSuite" time="0.0">
    <ignored/>
  </testcase> <!-- @BeforeSuite beforeSuite -->
  <testcase classname="mrf.testng.base.TestNGCommonStuff" name="@AfterSuite afterSuite" time="0.0">
    <ignored/>
  </testcase> <!-- @AfterSuite afterSuite -->
</testsuite> <!-- Suite Test -->
