<?xml version="1.0" encoding="UTF-8"?>
<!-- Generated by org.testng.reporters.JUnitXMLReporter -->
<testsuite ignored="0" hostname="DESKTOP-SM3GAAU" failures="0" tests="7" name="TestNGPrioritizingSequencing" time="0.048" errors="0" timestamp="2021-11-23T11:05:37 PKT">
  <testcase classname="mrf.testng.TestNGGrouping" name="hondaCD125" time="0.005"/>
  <testcase classname="mrf.testng.TestNGGrouping" name="hondaCD70" time="0.001"/>
  <testcase classname="mrf.testng.TestNGGrouping" name="hondaCivicX" time="0.003"/>
  <testcase classname="mrf.testng.TestNGGrouping" name="hyundaiElantra" time="0.002"/>
  <testcase classname="mrf.testng.TestNGGrouping" name="kiaPicanto" time="0.001"/>
  <testcase classname="mrf.testng.TestNGGrouping" name="kiaSorento" time="0.0"/>
  <testcase classname="mrf.testng.TestNGGrouping" name="toyotaGrandeX" time="0.0"/>
</testsuite> <!-- TestNGPrioritizingSequencing -->
