<?xml version="1.0" encoding="UTF-8"?>
<!-- Generated by org.testng.reporters.JUnitXMLReporter -->
<testsuite ignored="0" hostname="DESKTOP-SM3GAAU" failures="0" tests="3" name="TestNGReportsAndLogsDemo" time="0.071" errors="0" timestamp="2021-11-24T21:00:02 PKT">
  <testcase classname="mrf.testng.TestNGReportsAndLogs" name="test1" time="0.016"/>
  <testcase classname="mrf.testng.TestNGReportsAndLogs" name="test2" time="0.001"/>
  <testcase classname="mrf.testng.TestNGReportsAndLogs" name="test3" time="0.001"/>
</testsuite> <!-- TestNGReportsAndLogsDemo -->
